<?xml version="1.0" encoding="UTF-8"?>
<testsuite xmlns:xsi="http://www.w3.org/2001/XMLSchema-instance" xsi:noNamespaceSchemaLocation="https://maven.apache.org/surefire/maven-surefire-plugin/xsd/surefire-test-report.xsd" name="com.fdm.elevatorManagement.BuildingTest" time="0.021" tests="6" errors="0" skipped="0" failures="0">
  <properties>
[...]
</properties>
  <testcase name="testInvalidNumberOfElevators" classname="com.fdm.elevatorManagement.BuildingTest" time="0.009"/>
  <testcase name="testAddRequest" classname="com.fdm.elevatorManagement.BuildingTest" time="0.002"/>
  <testcase name="testInvalidNumberOfFloors" classname="com.fdm.elevatorManagement.BuildingTest" time="0.001"/>
  <testcase name="testNumberOfFloors" classname="com.fdm.elevatorManagement.BuildingTest" time="0.001"/>
  <testcase name="testNumberOfElevators" classname="com.fdm.elevatorManagement.BuildingTest" time="0.001"/>
  <testcase name="testGetElevators" classname="com.fdm.elevatorManagement.BuildingTest" time="0.001"/>
</testsuite>